[01m[K../src/server.c:[m[K In function ‘[01m[Kdo_get[m[K’:
[01m[K../src/server.c:75:21:[m[K [01;35m[Kwarning: [m[Kdeclaration of ‘[01m[Kserver[m[K’ shadows a global declaration [[01;35m[K-Wshadow[m[K]
 do_get (SoupServer *[01;35m[Kserver[m[K, SoupMessage *msg, const char *path)
                     [01;35m[K^~~~~~[m[K
[01m[K../src/server.c:19:20:[m[K [01;36m[Knote: [m[Kshadowed declaration is here
 static SoupServer *[01;36m[Kserver[m[K;
                    [01;36m[K^~~~~~[m[K
[01m[K../src/server.c:[m[K In function ‘[01m[Kdo_get_response_json[m[K’:
[01m[K../src/server.c:155:35:[m[K [01;35m[Kwarning: [m[Kdeclaration of ‘[01m[Kserver[m[K’ shadows a global declaration [[01;35m[K-Wshadow[m[K]
 do_get_response_json (SoupServer *[01;35m[Kserver[m[K, SoupMessage *msg, const char *path)
                                   [01;35m[K^~~~~~[m[K
[01m[K../src/server.c:19:20:[m[K [01;36m[Knote: [m[Kshadowed declaration is here
 static SoupServer *[01;36m[Kserver[m[K;
                    [01;36m[K^~~~~~[m[K
[01m[K../src/server.c:[m[K In function ‘[01m[Khandle_incoming_file[m[K’:
[01m[K../src/server.c:236:3:[m[K [01;35m[Kwarning: [m[KISO C90 forbids mixed declarations and code [[01;35m[K-Wdeclaration-after-statement[m[K]
   [01;35m[KGVariantBuilder[m[K *builder;
   [01;35m[K^~~~~~~~~~~~~~~[m[K
[01m[K../src/server.c:[m[K In function ‘[01m[Kserver_callback[m[K’:
[01m[K../src/server.c:257:30:[m[K [01;35m[Kwarning: [m[Kdeclaration of ‘[01m[Kserver[m[K’ shadows a global declaration [[01;35m[K-Wshadow[m[K]
 server_callback (SoupServer *[01;35m[Kserver[m[K, SoupMessage *msg,
                              [01;35m[K^~~~~~[m[K
[01m[K../src/server.c:19:20:[m[K [01;36m[Knote: [m[Kshadowed declaration is here
 static SoupServer *[01;36m[Kserver[m[K;
                    [01;36m[K^~~~~~[m[K
[01m[K../src/server.c:277:29:[m[K [01;35m[Kwarning: [m[Kformat ‘[01m[K%s[m[K’ expects argument of type ‘[01m[Kchar *[m[K’, but argument 2 has type ‘[01m[Kgpointer {aka void *}[m[K’ [[01;35m[K-Wformat=[m[K]
     g_print("File to share %[01;35m[Ks[m[K\n", data);
                             [01;35m[K^[m[K
[01m[K../src/server.c:[m[K At top level:
[01m[K../src/server.c:336:5:[m[K [01;35m[Kwarning: [m[Kno previous prototype for ‘[01m[KaddRouteToServer[m[K’ [[01;35m[K-Wmissing-prototypes[m[K]
 int [01;35m[KaddRouteToServer[m[K(char *name, char *file_to_send, char *destination) {
     [01;35m[K^~~~~~~~~~~~~~~~[m[K
[01m[K../src/server.c:[m[K In function ‘[01m[KaddRouteToServer[m[K’:
[01m[K../src/server.c:342:3:[m[K [01;35m[Kwarning: [m[KISO C90 forbids mixed declarations and code [[01;35m[K-Wdeclaration-after-statement[m[K]
   [01;35m[KGFile[m[K *file;
   [01;35m[K^~~~~[m[K
[01m[K../src/server.c:[m[K At top level:
[01m[K../src/server.c:358:5:[m[K [01;35m[Kwarning: [m[Kfunction declaration isn’t a prototype [[01;35m[K-Wstrict-prototypes[m[K]
 int [01;35m[Krun_http_server[m[K() {
     [01;35m[K^~~~~~~~~~~~~~~[m[K
[01m[K../src/server.c:[m[K In function ‘[01m[Krun_http_server[m[K’:
[01m[K../src/server.c:358:5:[m[K [01;35m[Kwarning: [m[Kold-style function definition [[01;35m[K-Wold-style-definition[m[K]
[01m[K../src/server.c:362:20:[m[K [01;35m[Kwarning: [m[Kunused variable ‘[01m[Kcert[m[K’ [[01;35m[K-Wunused-variable[m[K]
   GTlsCertificate *[01;35m[Kcert[m[K;
                    [01;35m[K^~~~[m[K
At top level:
[01m[K../src/server.c:329:1:[m[K [01;35m[Kwarning: [m[K‘[01m[Kquit[m[K’ defined but not used [[01;35m[K-Wunused-function[m[K]
 [01;35m[Kquit[m[K (int sig)
 [01;35m[K^~~~[m[K
[01m[K../src/server.c:155:1:[m[K [01;35m[Kwarning: [m[K‘[01m[Kdo_get_response_json[m[K’ defined but not used [[01;35m[K-Wunused-function[m[K]
 [01;35m[Kdo_get_response_json[m[K (SoupServer *server, SoupMessage *msg, const char *path)
 [01;35m[K^~~~~~~~~~~~~~~~~~~~[m[K
[01m[K../src/server.c:20:36:[m[K [01;35m[Kwarning: [m[K‘[01m[Ktls_key_file[m[K’ defined but not used [[01;35m[K-Wunused-variable[m[K]
 static const char *tls_cert_file, *[01;35m[Ktls_key_file[m[K;
                                    [01;35m[K^~~~~~~~~~~~[m[K
[01m[K../src/server.c:20:20:[m[K [01;35m[Kwarning: [m[K‘[01m[Ktls_cert_file[m[K’ defined but not used [[01;35m[K-Wunused-variable[m[K]
 static const char *[01;35m[Ktls_cert_file[m[K, *tls_key_file;
                    [01;35m[K^~~~~~~~~~~~~[m[K
