In file included from [01m[K../src/teleportapp.c:6:0[m[K:
[01m[K../src/browser.h:5:1:[m[K [01;35m[Kwarning: [m[Kfunction declaration isn’t a prototype [[01;35m[K-Wstrict-prototypes[m[K]
 [01;35m[Kextern[m[K int run_avahi_service();
 [01;35m[K^~~~~~[m[K
[01m[K../src/browser.h:6:1:[m[K [01;35m[Kwarning: [m[Kfunction declaration isn’t a prototype [[01;35m[K-Wstrict-prototypes[m[K]
 [01;35m[Kvoid[m[K avahi_shutdown();
 [01;35m[K^~~~[m[K
In file included from [01m[K../src/teleportapp.c:7:0[m[K:
[01m[K../src/publish.h:6:1:[m[K [01;35m[Kwarning: [m[Kfunction declaration isn’t a prototype [[01;35m[K-Wstrict-prototypes[m[K]
 [01;35m[Kextern[m[K void shutdown_avahi_publish_service();
 [01;35m[K^~~~~~[m[K
In file included from [01m[K../src/teleportapp.c:8:0[m[K:
[01m[K../src/server.h:5:1:[m[K [01;35m[Kwarning: [m[Kfunction declaration isn’t a prototype [[01;35m[K-Wstrict-prototypes[m[K]
 [01;35m[Kextern[m[K int run_http_server();
 [01;35m[K^~~~~~[m[K
[01m[K../src/server.h:6:1:[m[K [01;35m[Kwarning: [m[Kfunction declaration isn’t a prototype [[01;35m[K-Wstrict-prototypes[m[K]
 [01;35m[Kextern[m[K int addRouteToServer();
 [01;35m[K^~~~~~[m[K
[01m[K../src/teleportapp.c:[m[K In function ‘[01m[Kcreate_user_notification[m[K’:
[01m[K../src/teleportapp.c:80:3:[m[K [01;35m[Kwarning: [m[KISO C90 forbids mixed declarations and code [[01;35m[K-Wdeclaration-after-statement[m[K]
   [01;35m[KGIcon[m[K *icon = g_themed_icon_new ("dialog-information");
   [01;35m[K^~~~~[m[K
[01m[K../src/teleportapp.c:[m[K In function ‘[01m[Kcreate_finished_notification[m[K’:
[01m[K../src/teleportapp.c:96:3:[m[K [01;35m[Kwarning: [m[KISO C90 forbids mixed declarations and code [[01;35m[K-Wdeclaration-after-statement[m[K]
   [01;35m[KGIcon[m[K *icon = g_themed_icon_new ("dialog-information");
   [01;35m[K^~~~~[m[K
[01m[K../src/teleportapp.c:[m[K At top level:
[01m[K../src/teleportapp.c:106:10:[m[K [01;35m[Kwarning: [m[Kno previous prototype for ‘[01m[KmainLoopAddPeerCallback[m[K’ [[01;35m[K-Wmissing-prototypes[m[K]
 gboolean [01;35m[KmainLoopAddPeerCallback[m[K (gpointer peer) {
          [01;35m[K^~~~~~~~~~~~~~~~~~~~~~~[m[K
[01m[K../src/teleportapp.c:113:10:[m[K [01;35m[Kwarning: [m[Kno previous prototype for ‘[01m[KmainLoopRemovePeerCallback[m[K’ [[01;35m[K-Wmissing-prototypes[m[K]
 gboolean [01;35m[KmainLoopRemovePeerCallback[m[K (gpointer peer)  {
          [01;35m[K^~~~~~~~~~~~~~~~~~~~~~~~~~[m[K
[01m[K../src/teleportapp.c:118:6:[m[K [01;35m[Kwarning: [m[Kno previous prototype for ‘[01m[Kcallback_add_peer[m[K’ [[01;35m[K-Wmissing-prototypes[m[K]
 void [01;35m[Kcallback_add_peer[m[K (GObject *instance, Peer *peer, TeleportAppWindow *win ) {
      [01;35m[K^~~~~~~~~~~~~~~~~[m[K
[01m[K../src/teleportapp.c:[m[K In function ‘[01m[Kcallback_add_peer[m[K’:
[01m[K../src/teleportapp.c:118:75:[m[K [01;35m[Kwarning: [m[Kdeclaration of ‘[01m[Kwin[m[K’ shadows a global declaration [[01;35m[K-Wshadow[m[K]
 void callback_add_peer (GObject *instance, Peer *peer, TeleportAppWindow *[01;35m[Kwin[m[K ) {
                                                                           [01;35m[K^~~[m[K
[01m[K../src/teleportapp.c:37:27:[m[K [01;36m[Knote: [m[Kshadowed declaration is here
 static TeleportAppWindow *[01;36m[Kwin[m[K;
                           [01;36m[K^~~[m[K
[01m[K../src/teleportapp.c:[m[K At top level:
[01m[K../src/teleportapp.c:122:6:[m[K [01;35m[Kwarning: [m[Kno previous prototype for ‘[01m[Kcallback_remove_peer[m[K’ [[01;35m[K-Wmissing-prototypes[m[K]
 void [01;35m[Kcallback_remove_peer[m[K (GObject *instance, Peer *peer, TeleportAppWindow *win ) {
      [01;35m[K^~~~~~~~~~~~~~~~~~~~[m[K
[01m[K../src/teleportapp.c:[m[K In function ‘[01m[Kcallback_remove_peer[m[K’:
[01m[K../src/teleportapp.c:122:78:[m[K [01;35m[Kwarning: [m[Kdeclaration of ‘[01m[Kwin[m[K’ shadows a global declaration [[01;35m[K-Wshadow[m[K]
 void callback_remove_peer (GObject *instance, Peer *peer, TeleportAppWindow *[01;35m[Kwin[m[K ) {
                                                                              [01;35m[K^~~[m[K
[01m[K../src/teleportapp.c:37:27:[m[K [01;36m[Knote: [m[Kshadowed declaration is here
 static TeleportAppWindow *[01;36m[Kwin[m[K;
                           [01;36m[K^~~[m[K
[01m[K../src/teleportapp.c:[m[K At top level:
[01m[K../src/teleportapp.c:126:6:[m[K [01;35m[Kwarning: [m[Kno previous prototype for ‘[01m[Kcallback_notify_user[m[K’ [[01;35m[K-Wmissing-prototypes[m[K]
 void [01;35m[Kcallback_notify_user[m[K (GObject *instance, char *name, TeleportAppWindow *win ) {
      [01;35m[K^~~~~~~~~~~~~~~~~~~~[m[K
[01m[K../src/teleportapp.c:[m[K In function ‘[01m[Kcallback_notify_user[m[K’:
[01m[K../src/teleportapp.c:126:78:[m[K [01;35m[Kwarning: [m[Kdeclaration of ‘[01m[Kwin[m[K’ shadows a global declaration [[01;35m[K-Wshadow[m[K]
 void callback_notify_user (GObject *instance, char *name, TeleportAppWindow *[01;35m[Kwin[m[K ) {
                                                                              [01;35m[K^~~[m[K
[01m[K../src/teleportapp.c:37:27:[m[K [01;36m[Knote: [m[Kshadowed declaration is here
 static TeleportAppWindow *[01;36m[Kwin[m[K;
                           [01;36m[K^~~[m[K
[01m[K../src/teleportapp.c:[m[K In function ‘[01m[Kteleport_app_activate[m[K’:
[01m[K../src/teleportapp.c:139:3:[m[K [01;35m[Kwarning: [m[KISO C90 forbids mixed declarations and code [[01;35m[K-Wdeclaration-after-statement[m[K]
   [01;35m[KTeleportPeer[m[K *peerList = g_object_new (TELEPORT_TYPE_PEER, NULL);
   [01;35m[K^~~~~~~~~~~~[m[K
