[01m[K../src/get.c:[m[K In function ‘[01m[Kfinished[m[K’:
[01m[K../src/get.c:17:24:[m[K [01;35m[Kwarning: [m[Kdeclaration of ‘[01m[Ksession[m[K’ shadows a global declaration [[01;35m[K-Wshadow[m[K]
 finished (SoupSession *[01;35m[Ksession[m[K, SoupMessage *msg, gpointer target)
                        [01;35m[K^~~~~~~[m[K
[01m[K../src/get.c:13:21:[m[K [01;36m[Knote: [m[Kshadowed declaration is here
 static SoupSession *[01;36m[Ksession[m[K;
                     [01;36m[K^~~~~~~[m[K
[01m[K../src/get.c:[m[K At top level:
[01m[K../src/get.c:38:1:[m[K [01;35m[Kwarning: [m[Kno previous prototype for ‘[01m[Kget[m[K’ [[01;35m[K-Wmissing-prototypes[m[K]
 [01;35m[Kget[m[K (char *url,
 [01;35m[K^~~[m[K
[01m[K../src/get.c:[m[K In function ‘[01m[Kget[m[K’:
[01m[K../src/get.c:62:3:[m[K [01;35m[Kwarning: [m[KISO C90 forbids mixed declarations and code [[01;35m[K-Wdeclaration-after-statement[m[K]
   [01;35m[KSoupMessage[m[K *msg;
   [01;35m[K^~~~~~~~~~~[m[K
[01m[K../src/get.c:63:15:[m[K [01;35m[Kwarning: [m[Kunused variable ‘[01m[Kheader[m[K’ [[01;35m[K-Wunused-variable[m[K]
   const char *[01;35m[Kheader[m[K;
               [01;35m[K^~~~~~[m[K
[01m[K../src/get.c:42:11:[m[K [01;35m[Kwarning: [m[Kunused variable ‘[01m[Kerror[m[K’ [[01;35m[K-Wunused-variable[m[K]
   GError *[01;35m[Kerror[m[K = NULL;
           [01;35m[K^~~~~[m[K
