In file included from [01m[K../src/publish.c:41:0[m[K:
[01m[K../src/browser.h:5:1:[m[K [01;35m[Kwarning: [m[Kfunction declaration isn’t a prototype [[01;35m[K-Wstrict-prototypes[m[K]
 [01;35m[Kextern[m[K int run_avahi_service();
 [01;35m[K^~~~~~[m[K
[01m[K../src/browser.h:6:1:[m[K [01;35m[Kwarning: [m[Kfunction declaration isn’t a prototype [[01;35m[K-Wstrict-prototypes[m[K]
 [01;35m[Kvoid[m[K avahi_shutdown();
 [01;35m[K^~~~[m[K
[01m[K../src/publish.c:223:5:[m[K [01;35m[Kwarning: [m[Kno previous prototype for ‘[01m[Krun_avahi_publish_service[m[K’ [[01;35m[K-Wmissing-prototypes[m[K]
 int [01;35m[Krun_avahi_publish_service[m[K(char * service_name) {
     [01;35m[K^~~~~~~~~~~~~~~~~~~~~~~~~[m[K
[01m[K../src/publish.c:[m[K In function ‘[01m[Krun_avahi_publish_service[m[K’:
[01m[K../src/publish.c:226:18:[m[K [01;35m[Kwarning: [m[Kunused variable ‘[01m[Ktv[m[K’ [[01;35m[K-Wunused-variable[m[K]
   struct timeval [01;35m[Ktv[m[K;
                  [01;35m[K^~[m[K
[01m[K../src/publish.c:225:7:[m[K [01;35m[Kwarning: [m[Kunused variable ‘[01m[Kret[m[K’ [[01;35m[K-Wunused-variable[m[K]
   int [01;35m[Kret[m[K = 1;
       [01;35m[K^~~[m[K
[01m[K../src/publish.c:[m[K At top level:
[01m[K../src/publish.c:250:6:[m[K [01;35m[Kwarning: [m[Kno previous prototype for ‘[01m[Kshutdown_avahi_publish_service[m[K’ [[01;35m[K-Wmissing-prototypes[m[K]
 void [01;35m[Kshutdown_avahi_publish_service[m[K(void) {
      [01;35m[K^~~~~~~~~~~~~~~~~~~~~~~~~~~~~~[m[K
[01m[K../src/publish.c:206:13:[m[K [01;35m[Kwarning: [m[K‘[01m[Kupdate_service[m[K’ defined but not used [[01;35m[K-Wunused-function[m[K]
 static void [01;35m[Kupdate_service[m[K(char * service_name) {
             [01;35m[K^~~~~~~~~~~~~~[m[K
